h:\-xx cpp projekts xx-\uefi_programming\_efi_pong\uefi-simple\x64\release\gnu-efi\gnu-efi.pdb
h:\-xx cpp projekts xx-\uefi_programming\_efi_pong\uefi-simple\x64\release\gnu-efi\rtstr.obj
h:\-xx cpp projekts xx-\uefi_programming\_efi_pong\uefi-simple\x64\release\gnu-efi\rtlock.obj
h:\-xx cpp projekts xx-\uefi_programming\_efi_pong\uefi-simple\x64\release\gnu-efi\rtdata.obj
h:\-xx cpp projekts xx-\uefi_programming\_efi_pong\uefi-simple\x64\release\gnu-efi\efirtlib.obj
h:\-xx cpp projekts xx-\uefi_programming\_efi_pong\uefi-simple\x64\release\gnu-efi\print.obj
h:\-xx cpp projekts xx-\uefi_programming\_efi_pong\uefi-simple\x64\release\gnu-efi\misc.obj
h:\-xx cpp projekts xx-\uefi_programming\_efi_pong\uefi-simple\x64\release\gnu-efi\lock.obj
h:\-xx cpp projekts xx-\uefi_programming\_efi_pong\uefi-simple\x64\release\gnu-efi\init.obj
h:\-xx cpp projekts xx-\uefi_programming\_efi_pong\uefi-simple\x64\release\gnu-efi\hw.obj
h:\-xx cpp projekts xx-\uefi_programming\_efi_pong\uefi-simple\x64\release\gnu-efi\hand.obj
h:\-xx cpp projekts xx-\uefi_programming\_efi_pong\uefi-simple\x64\release\gnu-efi\guid.obj
h:\-xx cpp projekts xx-\uefi_programming\_efi_pong\uefi-simple\x64\release\gnu-efi\event.obj
h:\-xx cpp projekts xx-\uefi_programming\_efi_pong\uefi-simple\x64\release\gnu-efi\error.obj
h:\-xx cpp projekts xx-\uefi_programming\_efi_pong\uefi-simple\x64\release\gnu-efi\dpath.obj
h:\-xx cpp projekts xx-\uefi_programming\_efi_pong\uefi-simple\x64\release\gnu-efi\debug.obj
h:\-xx cpp projekts xx-\uefi_programming\_efi_pong\uefi-simple\x64\release\gnu-efi\data.obj
h:\-xx cpp projekts xx-\uefi_programming\_efi_pong\uefi-simple\x64\release\gnu-efi\crc.obj
h:\-xx cpp projekts xx-\uefi_programming\_efi_pong\uefi-simple\x64\release\gnu-efi\console.obj
h:\-xx cpp projekts xx-\uefi_programming\_efi_pong\uefi-simple\x64\release\gnu-efi\cmdline.obj
h:\-xx cpp projekts xx-\uefi_programming\_efi_pong\uefi-simple\x64\release\gnu-efi\boxdraw.obj
h:\-xx cpp projekts xx-\uefi_programming\_efi_pong\uefi-simple\x64\release\gnu-efi\str.obj
h:\-xx cpp projekts xx-\uefi_programming\_efi_pong\uefi-simple\x64\release\gnu-efi\sread.obj
h:\-xx cpp projekts xx-\uefi_programming\_efi_pong\uefi-simple\x64\release\gnu-efi\smbios.obj
h:\-xx cpp projekts xx-\uefi_programming\_efi_pong\uefi-simple\x64\release\gnu-efi\vm.obj
h:\-xx cpp projekts xx-\uefi_programming\_efi_pong\uefi-simple\x64\release\gnu-efi\math.obj
h:\-xx cpp projekts xx-\uefi_programming\_efi_pong\uefi-simple\x64\release\gnu-efi\initplat.obj
h:\-xx cpp projekts xx-\uefi_programming\_efi_pong\uefi-simple\x64\release\gnu-efi.lib
h:\-xx cpp projekts xx-\uefi_programming\_efi_pong\uefi-simple\x64\release\gnu-efi\gnu-efi.tlog\cl.command.1.tlog
h:\-xx cpp projekts xx-\uefi_programming\_efi_pong\uefi-simple\x64\release\gnu-efi\gnu-efi.tlog\cl.read.1.tlog
h:\-xx cpp projekts xx-\uefi_programming\_efi_pong\uefi-simple\x64\release\gnu-efi\gnu-efi.tlog\cl.write.1.tlog
h:\-xx cpp projekts xx-\uefi_programming\_efi_pong\uefi-simple\x64\release\gnu-efi\gnu-efi.tlog\lib-link.read.1.tlog
h:\-xx cpp projekts xx-\uefi_programming\_efi_pong\uefi-simple\x64\release\gnu-efi\gnu-efi.tlog\lib-link.write.1.tlog
h:\-xx cpp projekts xx-\uefi_programming\_efi_pong\uefi-simple\x64\release\gnu-efi\gnu-efi.tlog\lib.command.1.tlog
